<?xml version="1.0" encoding="UTF-8" standalone="no"?>
<testsuite errors="0" failures="0" name="io.cucumber.core.plugin.JUnitFormatter" skipped="0" tests="1" time="0.291">
    <testcase classname="Feature to test login functionality" name="Check login is successful with valid credentials" time="0.016">
        <system-out><![CDATA[Given User is in login page.................................................passed
When User enters username and password......................................passed
And Clicks on login button..................................................passed
Then User is navigated to home page.........................................passed
]]></system-out>
    </testcase>
</testsuite>
